{
  "RSpec": {
    "coverage": {
      "/Users/joshuaheath/Documents/Coding/week_10/bank_tech_test/spec/account_spec.rb": [
        1,
        1,
        null,
        1,
        1,
        null,
        1,
        1,
        null,
        null,
        1,
        1,
        1,
        null,
        null,
        1,
        1,
        1,
        1,
        null,
        null,
        1,
        1,
        1,
        1,
        null,
        null
      ],
      "/Users/joshuaheath/Documents/Coding/week_10/bank_tech_test/lib/account.rb": [
        1,
        null,
        1,
        1,
        null,
        1,
        4,
        4,
        4,
        null,
        null,
        1,
        3,
        3,
        null,
        null,
        1,
        2,
        2,
        null,
        null,
        1,
        3,
        null,
        null
      ],
      "/Users/joshuaheath/Documents/Coding/week_10/bank_tech_test/lib/statement.rb": [
        1,
        null,
        1,
        1,
        null,
        1,
        8,
        8,
        null,
        null,
        1,
        6,
        null,
        null,
        1,
        1,
        null,
        null,
        1,
        2,
        2,
        3,
        3,
        12,
        null,
        null,
        2,
        null,
        null
      ],
      "/Users/joshuaheath/Documents/Coding/week_10/bank_tech_test/spec/statement_spec.rb": [
        1,
        1,
        null,
        1,
        1,
        null,
        1,
        1,
        1,
        null,
        null,
        1,
        1,
        null,
        null,
        1,
        1,
        null,
        1,
        null,
        null,
        1,
        1,
        1,
        null,
        1,
        null,
        null
      ]
    },
    "timestamp": 1531828640
  }
}
